<?xml version="1.0" encoding="UTF-8"?>
<testsuite xmlns:xsi="http://www.w3.org/2001/XMLSchema-instance" xsi:noNamespaceSchemaLocation="https://maven.apache.org/surefire/maven-surefire-plugin/xsd/surefire-test-report.xsd" version="3.0.2" name="org.sonar.samples.java.checks.AvoidLoggingPasswordsRuleTest" time="0.203" tests="1" errors="0" skipped="0" failures="1">
  <properties>
    <property name="java.specification.version" value="23"/>
    <property name="sun.jnu.encoding" value="UTF-8"/>
    <property name="java.class.path" value="/home/user/DEV/SonarQube_Custom_Rule/sonar-java/docs/java-custom-rules-example/target/test-classes:/home/user/DEV/SonarQube_Custom_Rule/sonar-java/docs/java-custom-rules-example/target/classes:/home/user/.m2/repository/org/sonarsource/api/plugin/sonar-plugin-api/10.7.0.2191/sonar-plugin-api-10.7.0.2191.jar:/home/user/.m2/repository/org/slf4j/slf4j-api/1.7.30/slf4j-api-1.7.30.jar:/home/user/.m2/repository/org/sonarsource/java/sonar-java-plugin/8.0.1.36337/sonar-java-plugin-8.0.1.36337.jar:/home/user/.m2/repository/org/sonarsource/java/java-surefire/8.0.1.36337/java-surefire-8.0.1.36337.jar:/home/user/.m2/repository/com/fasterxml/staxmate/staxmate/2.4.1/staxmate-2.4.1.jar:/home/user/.m2/repository/org/codehaus/woodstox/stax2-api/4.2.1/stax2-api-4.2.1.jar:/home/user/.m2/repository/org/sonarsource/java/java-frontend/8.0.1.36337/java-frontend-8.0.1.36337.jar:/home/user/.m2/repository/org/sonarsource/java/jdt-package/1.1.0.34/jdt-package-1.1.0.34.jar:/home/user/.m2/repository/org/sonarsource/sslr/sslr-core/1.24.0.633/sslr-core-1.24.0.633.jar:/home/user/.m2/repository/org/apache/commons/commons-lang3/3.12.0/commons-lang3-3.12.0.jar:/home/user/.m2/repository/org/sonarsource/analyzer-commons/sonar-regex-parsing/2.11.0.2861/sonar-regex-parsing-2.11.0.2861.jar:/home/user/.m2/repository/org/sonarsource/java/java-checks/8.0.1.36337/java-checks-8.0.1.36337.jar:/home/user/.m2/repository/org/sonarsource/java/java-checks-common/8.0.1.36337/java-checks-common-8.0.1.36337.jar:/home/user/.m2/repository/org/sonarsource/analyzer-commons/sonar-analyzer-recognizers/2.11.0.2861/sonar-analyzer-recognizers-2.11.0.2861.jar:/home/user/.m2/repository/org/springframework/spring-expression/6.1.5/spring-expression-6.1.5.jar:/home/user/.m2/repository/org/springframework/spring-core/6.1.5/spring-core-6.1.5.jar:/home/user/.m2/repository/org/springframework/spring-jcl/6.1.5/spring-jcl-6.1.5.jar:/home/user/.m2/repository/org/sonarsource/java/java-checks-aws/8.0.1.36337/java-checks-aws-8.0.1.36337.jar:/home/user/.m2/repository/org/sonarsource/java/external-reports/8.0.1.36337/external-reports-8.0.1.36337.jar:/home/user/.m2/repository/org/sonarsource/java/java-jsp/8.0.1.36337/java-jsp-8.0.1.36337.jar:/home/user/.m2/repository/org/apache/tomcat/embed/tomcat-embed-jasper/9.0.84/tomcat-embed-jasper-9.0.84.jar:/home/user/.m2/repository/org/apache/tomcat/embed/tomcat-embed-core/9.0.84/tomcat-embed-core-9.0.84.jar:/home/user/.m2/repository/org/apache/tomcat/tomcat-annotations-api/9.0.84/tomcat-annotations-api-9.0.84.jar:/home/user/.m2/repository/org/apache/tomcat/embed/tomcat-embed-el/9.0.84/tomcat-embed-el-9.0.84.jar:/home/user/.m2/repository/org/sonarsource/analyzer-commons/sonar-xml-parsing/2.11.0.2861/sonar-xml-parsing-2.11.0.2861.jar:/home/user/.m2/repository/com/google/code/findbugs/jsr305/3.0.2/jsr305-3.0.2.jar:/home/user/.m2/repository/xerces/xercesImpl/2.12.2/xercesImpl-2.12.2.jar:/home/user/.m2/repository/xml-apis/xml-apis/1.4.01/xml-apis-1.4.01.jar:/home/user/.m2/repository/com/fasterxml/woodstox/woodstox-core/6.4.0/woodstox-core-6.4.0.jar:/home/user/.m2/repository/org/sonarsource/analyzer-commons/sonar-performance-measure/2.11.0.2861/sonar-performance-measure-2.11.0.2861.jar:/home/user/.m2/repository/org/sonarsource/analyzer-commons/sonar-analyzer-commons/1.24.0.965/sonar-analyzer-commons-1.24.0.965.jar:/home/user/.m2/repository/org/sonarsource/java/java-checks-testkit/8.0.1.36337/java-checks-testkit-8.0.1.36337.jar:/home/user/.m2/repository/org/sonarsource/java/test-classpath-reader/8.0.1.36337/test-classpath-reader-8.0.1.36337.jar:/home/user/.m2/repository/com/google/code/gson/gson/2.8.9/gson-2.8.9.jar:/home/user/.m2/repository/org/sonarsource/analyzer-commons/sonar-analyzer-test-commons/2.11.0.2861/sonar-analyzer-test-commons-2.11.0.2861.jar:/home/user/.m2/repository/org/sonarsource/api/plugin/sonar-plugin-api-test-fixtures/10.7.0.2191/sonar-plugin-api-test-fixtures-10.7.0.2191.jar:/home/user/.m2/repository/commons-lang/commons-lang/2.6/commons-lang-2.6.jar:/home/user/.m2/repository/ch/qos/logback/logback-classic/1.2.9/logback-classic-1.2.9.jar:/home/user/.m2/repository/ch/qos/logback/logback-core/1.2.9/logback-core-1.2.9.jar:/home/user/.m2/repository/org/junit/jupiter/junit-jupiter/5.7.0/junit-jupiter-5.7.0.jar:/home/user/.m2/repository/org/junit/jupiter/junit-jupiter-api/5.7.0/junit-jupiter-api-5.7.0.jar:/home/user/.m2/repository/org/opentest4j/opentest4j/1.2.0/opentest4j-1.2.0.jar:/home/user/.m2/repository/org/junit/platform/junit-platform-commons/1.7.0/junit-platform-commons-1.7.0.jar:/home/user/.m2/repository/org/junit/jupiter/junit-jupiter-params/5.7.0/junit-jupiter-params-5.7.0.jar:/home/user/.m2/repository/org/junit/jupiter/junit-jupiter-engine/5.7.0/junit-jupiter-engine-5.7.0.jar:/home/user/.m2/repository/org/junit/platform/junit-platform-engine/1.7.0/junit-platform-engine-1.7.0.jar:/home/user/.m2/repository/org/junit/jupiter/junit-jupiter-migrationsupport/5.7.0/junit-jupiter-migrationsupport-5.7.0.jar:/home/user/.m2/repository/junit/junit/4.13/junit-4.13.jar:/home/user/.m2/repository/org/hamcrest/hamcrest-core/1.3/hamcrest-core-1.3.jar:/home/user/.m2/repository/org/apiguardian/apiguardian-api/1.1.0/apiguardian-api-1.1.0.jar:/home/user/.m2/repository/org/assertj/assertj-core/3.23.1/assertj-core-3.23.1.jar:/home/user/.m2/repository/net/bytebuddy/byte-buddy/1.12.10/byte-buddy-1.12.10.jar:/home/user/DEV/SonarQube_Custom_Rule/sonar-java/docs/java-custom-rules-example/target/gradle-enterprise/test-listeners.jar:"/>
    <property name="java.vm.vendor" value="Oracle Corporation"/>
    <property name="sun.arch.data.model" value="64"/>
    <property name="java.vendor.url" value="https://java.oracle.com/"/>
    <property name="user.timezone" value="Etc/UTC"/>
    <property name="os.name" value="Linux"/>
    <property name="java.vm.specification.version" value="23"/>
    <property name="user.country" value="US"/>
    <property name="sun.java.launcher" value="SUN_STANDARD"/>
    <property name="sun.boot.library.path" value="/usr/lib/jvm/jdk-23.0.2-oracle-x64/lib"/>
    <property name="sun.java.command" value="/home/user/DEV/SonarQube_Custom_Rule/sonar-java/docs/java-custom-rules-example/target/surefire/surefirebooter-20250417155451780_3.jar /home/user/DEV/SonarQube_Custom_Rule/sonar-java/docs/java-custom-rules-example/target/surefire 2025-04-17T15-54-51_569-jvmRun1 surefire-20250417155451780_1tmp surefire_0-20250417155451780_2tmp"/>
    <property name="jdk.debug" value="release"/>
    <property name="surefire.test.class.path" value="/home/user/DEV/SonarQube_Custom_Rule/sonar-java/docs/java-custom-rules-example/target/test-classes:/home/user/DEV/SonarQube_Custom_Rule/sonar-java/docs/java-custom-rules-example/target/classes:/home/user/.m2/repository/org/sonarsource/api/plugin/sonar-plugin-api/10.7.0.2191/sonar-plugin-api-10.7.0.2191.jar:/home/user/.m2/repository/org/slf4j/slf4j-api/1.7.30/slf4j-api-1.7.30.jar:/home/user/.m2/repository/org/sonarsource/java/sonar-java-plugin/8.0.1.36337/sonar-java-plugin-8.0.1.36337.jar:/home/user/.m2/repository/org/sonarsource/java/java-surefire/8.0.1.36337/java-surefire-8.0.1.36337.jar:/home/user/.m2/repository/com/fasterxml/staxmate/staxmate/2.4.1/staxmate-2.4.1.jar:/home/user/.m2/repository/org/codehaus/woodstox/stax2-api/4.2.1/stax2-api-4.2.1.jar:/home/user/.m2/repository/org/sonarsource/java/java-frontend/8.0.1.36337/java-frontend-8.0.1.36337.jar:/home/user/.m2/repository/org/sonarsource/java/jdt-package/1.1.0.34/jdt-package-1.1.0.34.jar:/home/user/.m2/repository/org/sonarsource/sslr/sslr-core/1.24.0.633/sslr-core-1.24.0.633.jar:/home/user/.m2/repository/org/apache/commons/commons-lang3/3.12.0/commons-lang3-3.12.0.jar:/home/user/.m2/repository/org/sonarsource/analyzer-commons/sonar-regex-parsing/2.11.0.2861/sonar-regex-parsing-2.11.0.2861.jar:/home/user/.m2/repository/org/sonarsource/java/java-checks/8.0.1.36337/java-checks-8.0.1.36337.jar:/home/user/.m2/repository/org/sonarsource/java/java-checks-common/8.0.1.36337/java-checks-common-8.0.1.36337.jar:/home/user/.m2/repository/org/sonarsource/analyzer-commons/sonar-analyzer-recognizers/2.11.0.2861/sonar-analyzer-recognizers-2.11.0.2861.jar:/home/user/.m2/repository/org/springframework/spring-expression/6.1.5/spring-expression-6.1.5.jar:/home/user/.m2/repository/org/springframework/spring-core/6.1.5/spring-core-6.1.5.jar:/home/user/.m2/repository/org/springframework/spring-jcl/6.1.5/spring-jcl-6.1.5.jar:/home/user/.m2/repository/org/sonarsource/java/java-checks-aws/8.0.1.36337/java-checks-aws-8.0.1.36337.jar:/home/user/.m2/repository/org/sonarsource/java/external-reports/8.0.1.36337/external-reports-8.0.1.36337.jar:/home/user/.m2/repository/org/sonarsource/java/java-jsp/8.0.1.36337/java-jsp-8.0.1.36337.jar:/home/user/.m2/repository/org/apache/tomcat/embed/tomcat-embed-jasper/9.0.84/tomcat-embed-jasper-9.0.84.jar:/home/user/.m2/repository/org/apache/tomcat/embed/tomcat-embed-core/9.0.84/tomcat-embed-core-9.0.84.jar:/home/user/.m2/repository/org/apache/tomcat/tomcat-annotations-api/9.0.84/tomcat-annotations-api-9.0.84.jar:/home/user/.m2/repository/org/apache/tomcat/embed/tomcat-embed-el/9.0.84/tomcat-embed-el-9.0.84.jar:/home/user/.m2/repository/org/sonarsource/analyzer-commons/sonar-xml-parsing/2.11.0.2861/sonar-xml-parsing-2.11.0.2861.jar:/home/user/.m2/repository/com/google/code/findbugs/jsr305/3.0.2/jsr305-3.0.2.jar:/home/user/.m2/repository/xerces/xercesImpl/2.12.2/xercesImpl-2.12.2.jar:/home/user/.m2/repository/xml-apis/xml-apis/1.4.01/xml-apis-1.4.01.jar:/home/user/.m2/repository/com/fasterxml/woodstox/woodstox-core/6.4.0/woodstox-core-6.4.0.jar:/home/user/.m2/repository/org/sonarsource/analyzer-commons/sonar-performance-measure/2.11.0.2861/sonar-performance-measure-2.11.0.2861.jar:/home/user/.m2/repository/org/sonarsource/analyzer-commons/sonar-analyzer-commons/1.24.0.965/sonar-analyzer-commons-1.24.0.965.jar:/home/user/.m2/repository/org/sonarsource/java/java-checks-testkit/8.0.1.36337/java-checks-testkit-8.0.1.36337.jar:/home/user/.m2/repository/org/sonarsource/java/test-classpath-reader/8.0.1.36337/test-classpath-reader-8.0.1.36337.jar:/home/user/.m2/repository/com/google/code/gson/gson/2.8.9/gson-2.8.9.jar:/home/user/.m2/repository/org/sonarsource/analyzer-commons/sonar-analyzer-test-commons/2.11.0.2861/sonar-analyzer-test-commons-2.11.0.2861.jar:/home/user/.m2/repository/org/sonarsource/api/plugin/sonar-plugin-api-test-fixtures/10.7.0.2191/sonar-plugin-api-test-fixtures-10.7.0.2191.jar:/home/user/.m2/repository/commons-lang/commons-lang/2.6/commons-lang-2.6.jar:/home/user/.m2/repository/ch/qos/logback/logback-classic/1.2.9/logback-classic-1.2.9.jar:/home/user/.m2/repository/ch/qos/logback/logback-core/1.2.9/logback-core-1.2.9.jar:/home/user/.m2/repository/org/junit/jupiter/junit-jupiter/5.7.0/junit-jupiter-5.7.0.jar:/home/user/.m2/repository/org/junit/jupiter/junit-jupiter-api/5.7.0/junit-jupiter-api-5.7.0.jar:/home/user/.m2/repository/org/opentest4j/opentest4j/1.2.0/opentest4j-1.2.0.jar:/home/user/.m2/repository/org/junit/platform/junit-platform-commons/1.7.0/junit-platform-commons-1.7.0.jar:/home/user/.m2/repository/org/junit/jupiter/junit-jupiter-params/5.7.0/junit-jupiter-params-5.7.0.jar:/home/user/.m2/repository/org/junit/jupiter/junit-jupiter-engine/5.7.0/junit-jupiter-engine-5.7.0.jar:/home/user/.m2/repository/org/junit/platform/junit-platform-engine/1.7.0/junit-platform-engine-1.7.0.jar:/home/user/.m2/repository/org/junit/jupiter/junit-jupiter-migrationsupport/5.7.0/junit-jupiter-migrationsupport-5.7.0.jar:/home/user/.m2/repository/junit/junit/4.13/junit-4.13.jar:/home/user/.m2/repository/org/hamcrest/hamcrest-core/1.3/hamcrest-core-1.3.jar:/home/user/.m2/repository/org/apiguardian/apiguardian-api/1.1.0/apiguardian-api-1.1.0.jar:/home/user/.m2/repository/org/assertj/assertj-core/3.23.1/assertj-core-3.23.1.jar:/home/user/.m2/repository/net/bytebuddy/byte-buddy/1.12.10/byte-buddy-1.12.10.jar:/home/user/DEV/SonarQube_Custom_Rule/sonar-java/docs/java-custom-rules-example/target/gradle-enterprise/test-listeners.jar:"/>
    <property name="sun.cpu.endian" value="little"/>
    <property name="user.home" value="/home/user"/>
    <property name="user.language" value="en"/>
    <property name="java.specification.vendor" value="Oracle Corporation"/>
    <property name="java.version.date" value="2025-01-21"/>
    <property name="java.home" value="/usr/lib/jvm/jdk-23.0.2-oracle-x64"/>
    <property name="file.separator" value="/"/>
    <property name="basedir" value="/home/user/DEV/SonarQube_Custom_Rule/sonar-java/docs/java-custom-rules-example"/>
    <property name="java.vm.compressedOopsMode" value="Zero based"/>
    <property name="line.separator" value="&#10;"/>
    <property name="java.specification.name" value="Java Platform API Specification"/>
    <property name="java.vm.specification.vendor" value="Oracle Corporation"/>
    <property name="surefire.real.class.path" value="/home/user/DEV/SonarQube_Custom_Rule/sonar-java/docs/java-custom-rules-example/target/surefire/surefirebooter-20250417155451780_3.jar"/>
    <property name="sun.management.compiler" value="HotSpot 64-Bit Tiered Compilers"/>
    <property name="java.runtime.version" value="23.0.2+7-58"/>
    <property name="user.name" value="user"/>
    <property name="stdout.encoding" value="UTF-8"/>
    <property name="path.separator" value=":"/>
    <property name="os.version" value="6.11.0-21-generic"/>
    <property name="java.runtime.name" value="Java(TM) SE Runtime Environment"/>
    <property name="com.gradle.maven.scan.extension.test.listener.junitplatform.NestedExecutionSafeDelegatingTestExecutionListener" value="7283d3eb"/>
    <property name="file.encoding" value="UTF-8"/>
    <property name="java.vm.name" value="Java HotSpot(TM) 64-Bit Server VM"/>
    <property name="develocity.listener.surefire.forkId" value="1"/>
    <property name="localRepository" value="/home/user/.m2/repository"/>
    <property name="java.vendor.url.bug" value="https://bugreport.java.com/bugreport/"/>
    <property name="java.io.tmpdir" value="/tmp"/>
    <property name="java.version" value="23.0.2"/>
    <property name="user.dir" value="/home/user/DEV/SonarQube_Custom_Rule/sonar-java/docs/java-custom-rules-example"/>
    <property name="os.arch" value="amd64"/>
    <property name="java.vm.specification.name" value="Java Virtual Machine Specification"/>
    <property name="native.encoding" value="UTF-8"/>
    <property name="java.library.path" value="/usr/java/packages/lib:/usr/lib64:/lib64:/lib:/usr/lib"/>
    <property name="java.vm.info" value="mixed mode, sharing"/>
    <property name="stderr.encoding" value="UTF-8"/>
    <property name="java.vendor" value="Oracle Corporation"/>
    <property name="java.vm.version" value="23.0.2+7-58"/>
    <property name="sun.io.unicode.encoding" value="UnicodeLittle"/>
    <property name="develocity.listener.port" value="45265"/>
    <property name="java.class.version" value="67.0"/>
  </properties>
  <testcase name="test" classname="org.sonar.samples.java.checks.AvoidLoggingPasswordsRuleTest" time="0.198">
    <failure message="ERROR: Expect some issues, but there&apos;s none. In file (AvoidLoggingPasswordsRule.java:21)&#10;[----------------------------------------------------------------------]&#10;[ &apos;-&apos; means expected but not raised, &apos;+&apos; means raised but not expected ]&#10;  &lt;AvoidLoggingPasswordsRule.java&gt;&#10;- 021: Noncompliant&#10;- 021:   }&#10;- &#10;- 029: Noncompliant&#10;- 029:   }&#10;[----------------------------------------------------------------------]&#10;;  expected:&lt;[&lt;AvoidLoggingPasswordsRule.java&gt;&#10;021: Noncompliant&#10;021:   }&#10;&#10;029: Noncompliant&#10;029:   }]&#10;&#10;&gt; but was:&lt;[ERROR: Expect some issues, but there&apos;s none.&#10;&lt;AvoidLoggingPasswordsRule.java&gt;]&#10;&#10;&gt;" type="org.junit.ComparisonFailure"><![CDATA[org.junit.ComparisonFailure: 
ERROR: Expect some issues, but there's none. In file (AvoidLoggingPasswordsRule.java:21)
[----------------------------------------------------------------------]
[ '-' means expected but not raised, '+' means raised but not expected ]
  <AvoidLoggingPasswordsRule.java>
- 021: Noncompliant
- 021:   }
- 
- 029: Noncompliant
- 029:   }
[----------------------------------------------------------------------]
;  expected:<[<AvoidLoggingPasswordsRule.java>
021: Noncompliant
021:   }

029: Noncompliant
029:   }]

> but was:<[ERROR: Expect some issues, but there's none.
<AvoidLoggingPasswordsRule.java>]

>
	at org.junit.Assert.assertEquals(Assert.java:117)
	at org.sonarsource.analyzer.commons.checks.verifier.internal.InternalIssueVerifier.assertIssues(InternalIssueVerifier.java:179)
	at org.sonarsource.analyzer.commons.checks.verifier.internal.InternalIssueVerifier.assertOneOrMoreIssues(InternalIssueVerifier.java:142)
	at org.sonar.java.checks.verifier.internal.JavaCheckVerifier.verifyIssues(JavaCheckVerifier.java:338)
	at org.sonar.samples.java.checks.AvoidLoggingPasswordsRuleTest.test(AvoidLoggingPasswordsRuleTest.java:13)
	at java.base/jdk.internal.reflect.DirectMethodHandleAccessor.invoke(DirectMethodHandleAccessor.java:103)
	at java.base/java.lang.reflect.Method.invoke(Method.java:580)
	at org.junit.platform.commons.util.ReflectionUtils.invokeMethod(ReflectionUtils.java:688)
	at org.junit.jupiter.engine.execution.MethodInvocation.proceed(MethodInvocation.java:60)
	at org.junit.jupiter.engine.execution.InvocationInterceptorChain$ValidatingInvocation.proceed(InvocationInterceptorChain.java:131)
	at org.junit.jupiter.engine.extension.TimeoutExtension.intercept(TimeoutExtension.java:149)
	at org.junit.jupiter.engine.extension.TimeoutExtension.interceptTestableMethod(TimeoutExtension.java:140)
	at org.junit.jupiter.engine.extension.TimeoutExtension.interceptTestMethod(TimeoutExtension.java:84)
	at org.junit.jupiter.engine.execution.ExecutableInvoker$ReflectiveInterceptorCall.lambda$ofVoidMethod$0(ExecutableInvoker.java:115)
	at org.junit.jupiter.engine.execution.ExecutableInvoker.lambda$invoke$0(ExecutableInvoker.java:105)
	at org.junit.jupiter.engine.execution.InvocationInterceptorChain$InterceptedInvocation.proceed(InvocationInterceptorChain.java:106)
	at org.junit.jupiter.engine.execution.InvocationInterceptorChain.proceed(InvocationInterceptorChain.java:64)
	at org.junit.jupiter.engine.execution.InvocationInterceptorChain.chainAndInvoke(InvocationInterceptorChain.java:45)
	at org.junit.jupiter.engine.execution.InvocationInterceptorChain.invoke(InvocationInterceptorChain.java:37)
	at org.junit.jupiter.engine.execution.ExecutableInvoker.invoke(ExecutableInvoker.java:104)
	at org.junit.jupiter.engine.execution.ExecutableInvoker.invoke(ExecutableInvoker.java:98)
	at org.junit.jupiter.engine.descriptor.TestMethodTestDescriptor.lambda$invokeTestMethod$6(TestMethodTestDescriptor.java:210)
	at org.junit.platform.engine.support.hierarchical.ThrowableCollector.execute(ThrowableCollector.java:73)
	at org.junit.jupiter.engine.descriptor.TestMethodTestDescriptor.invokeTestMethod(TestMethodTestDescriptor.java:206)
	at org.junit.jupiter.engine.descriptor.TestMethodTestDescriptor.execute(TestMethodTestDescriptor.java:131)
	at org.junit.jupiter.engine.descriptor.TestMethodTestDescriptor.execute(TestMethodTestDescriptor.java:65)
	at org.junit.platform.engine.support.hierarchical.NodeTestTask.lambda$executeRecursively$5(NodeTestTask.java:139)
	at org.junit.platform.engine.support.hierarchical.ThrowableCollector.execute(ThrowableCollector.java:73)
	at org.junit.platform.engine.support.hierarchical.NodeTestTask.lambda$executeRecursively$7(NodeTestTask.java:129)
	at org.junit.platform.engine.support.hierarchical.Node.around(Node.java:137)
	at org.junit.platform.engine.support.hierarchical.NodeTestTask.lambda$executeRecursively$8(NodeTestTask.java:127)
	at org.junit.platform.engine.support.hierarchical.ThrowableCollector.execute(ThrowableCollector.java:73)
	at org.junit.platform.engine.support.hierarchical.NodeTestTask.executeRecursively(NodeTestTask.java:126)
	at org.junit.platform.engine.support.hierarchical.NodeTestTask.execute(NodeTestTask.java:84)
	at java.base/java.util.ArrayList.forEach(ArrayList.java:1597)
	at org.junit.platform.engine.support.hierarchical.SameThreadHierarchicalTestExecutorService.invokeAll(SameThreadHierarchicalTestExecutorService.java:38)
	at org.junit.platform.engine.support.hierarchical.NodeTestTask.lambda$executeRecursively$5(NodeTestTask.java:143)
	at org.junit.platform.engine.support.hierarchical.ThrowableCollector.execute(ThrowableCollector.java:73)
	at org.junit.platform.engine.support.hierarchical.NodeTestTask.lambda$executeRecursively$7(NodeTestTask.java:129)
	at org.junit.platform.engine.support.hierarchical.Node.around(Node.java:137)
	at org.junit.platform.engine.support.hierarchical.NodeTestTask.lambda$executeRecursively$8(NodeTestTask.java:127)
	at org.junit.platform.engine.support.hierarchical.ThrowableCollector.execute(ThrowableCollector.java:73)
	at org.junit.platform.engine.support.hierarchical.NodeTestTask.executeRecursively(NodeTestTask.java:126)
	at org.junit.platform.engine.support.hierarchical.NodeTestTask.execute(NodeTestTask.java:84)
	at java.base/java.util.ArrayList.forEach(ArrayList.java:1597)
	at org.junit.platform.engine.support.hierarchical.SameThreadHierarchicalTestExecutorService.invokeAll(SameThreadHierarchicalTestExecutorService.java:38)
	at org.junit.platform.engine.support.hierarchical.NodeTestTask.lambda$executeRecursively$5(NodeTestTask.java:143)
	at org.junit.platform.engine.support.hierarchical.ThrowableCollector.execute(ThrowableCollector.java:73)
	at org.junit.platform.engine.support.hierarchical.NodeTestTask.lambda$executeRecursively$7(NodeTestTask.java:129)
	at org.junit.platform.engine.support.hierarchical.Node.around(Node.java:137)
	at org.junit.platform.engine.support.hierarchical.NodeTestTask.lambda$executeRecursively$8(NodeTestTask.java:127)
	at org.junit.platform.engine.support.hierarchical.ThrowableCollector.execute(ThrowableCollector.java:73)
	at org.junit.platform.engine.support.hierarchical.NodeTestTask.executeRecursively(NodeTestTask.java:126)
	at org.junit.platform.engine.support.hierarchical.NodeTestTask.execute(NodeTestTask.java:84)
	at org.junit.platform.engine.support.hierarchical.SameThreadHierarchicalTestExecutorService.submit(SameThreadHierarchicalTestExecutorService.java:32)
	at org.junit.platform.engine.support.hierarchical.HierarchicalTestExecutor.execute(HierarchicalTestExecutor.java:57)
	at org.junit.platform.engine.support.hierarchical.HierarchicalTestEngine.execute(HierarchicalTestEngine.java:51)
	at org.junit.platform.launcher.core.EngineExecutionOrchestrator.execute(EngineExecutionOrchestrator.java:108)
	at org.junit.platform.launcher.core.EngineExecutionOrchestrator.execute(EngineExecutionOrchestrator.java:88)
	at org.junit.platform.launcher.core.EngineExecutionOrchestrator.lambda$execute$0(EngineExecutionOrchestrator.java:54)
	at org.junit.platform.launcher.core.EngineExecutionOrchestrator.withInterceptedStreams(EngineExecutionOrchestrator.java:67)
	at org.junit.platform.launcher.core.EngineExecutionOrchestrator.execute(EngineExecutionOrchestrator.java:52)
	at org.junit.platform.launcher.core.DefaultLauncher.execute(DefaultLauncher.java:96)
	at org.junit.platform.launcher.core.DefaultLauncher.execute(DefaultLauncher.java:75)
	at org.apache.maven.surefire.junitplatform.LazyLauncher.execute(LazyLauncher.java:56)
	at org.apache.maven.surefire.junitplatform.JUnitPlatformProvider.execute(JUnitPlatformProvider.java:194)
	at org.apache.maven.surefire.junitplatform.JUnitPlatformProvider.invokeAllTests(JUnitPlatformProvider.java:150)
	at org.apache.maven.surefire.junitplatform.JUnitPlatformProvider.invoke(JUnitPlatformProvider.java:124)
	at org.apache.maven.surefire.booter.ForkedBooter.runSuitesInProcess(ForkedBooter.java:385)
	at org.apache.maven.surefire.booter.ForkedBooter.execute(ForkedBooter.java:162)
	at org.apache.maven.surefire.booter.ForkedBooter.run(ForkedBooter.java:507)
	at org.apache.maven.surefire.booter.ForkedBooter.main(ForkedBooter.java:495)
]]></failure>
    <system-out><![CDATA[15:54:56.531 [Report about progress of Java AST analyzer] INFO org.sonarsource.analyzer.commons.ProgressReport - 1 source file to be analyzed
15:54:56.708 [main] INFO org.sonar.java.SonarComponents - The Java analyzer cannot skip unchanged files in this context. A full analysis is performed for all files.
15:54:56.711 [Report about progress of Java AST analyzer] INFO org.sonarsource.analyzer.commons.ProgressReport - 1/1 source file has been analyzed
15:54:56.712 [main] INFO org.sonar.java.model.VisitorsBridge - Did not optimize analysis for any files, performed a full analysis for all 1 files.
15:54:56.715 [main] WARN org.sonar.java.SonarComponents - Unresolved imports/types have been detected during analysis. Enable DEBUG mode to see them.
15:54:56.716 [main] DEBUG org.sonar.java.SonarComponents - Unresolved imports/types:
- Logger cannot be resolved to a type
  * src/test/files/AvoidLoggingPasswordsRule.java

- org.slf4j cannot be resolved to a type
  * src/test/files/AvoidLoggingPasswordsRule.java

- org.slf4j.LoggerFactory cannot be resolved to a type
  * src/test/files/AvoidLoggingPasswordsRule.java
]]></system-out>
  </testcase>
</testsuite>