<?xml version="1.0" encoding="UTF-8"?>
<testsuite xmlns:xsi="http://www.w3.org/2001/XMLSchema-instance" xsi:noNamespaceSchemaLocation="https://maven.apache.org/surefire/maven-surefire-plugin/xsd/surefire-test-report.xsd" version="3.0.2" name="org.sonar.samples.java.utils.StringUtilsTest" time="0.195" tests="2" errors="0" skipped="0" failures="0">
  <properties>
    <property name="java.specification.version" value="23"/>
    <property name="sun.jnu.encoding" value="UTF-8"/>
    <property name="java.class.path" value="/home/user/DEV/SonarQube_Custom_Rule/SonarQube_CustomRule/docs/java-custom-rules-example/target/test-classes:/home/user/DEV/SonarQube_Custom_Rule/SonarQube_CustomRule/docs/java-custom-rules-example/target/classes:/home/user/.m2/repository/org/sonarsource/api/plugin/sonar-plugin-api/10.7.0.2191/sonar-plugin-api-10.7.0.2191.jar:/home/user/.m2/repository/org/slf4j/slf4j-api/1.7.30/slf4j-api-1.7.30.jar:/home/user/.m2/repository/org/sonarsource/java/sonar-java-plugin/8.0.1.36337/sonar-java-plugin-8.0.1.36337.jar:/home/user/.m2/repository/org/sonarsource/java/java-surefire/8.0.1.36337/java-surefire-8.0.1.36337.jar:/home/user/.m2/repository/com/fasterxml/staxmate/staxmate/2.4.1/staxmate-2.4.1.jar:/home/user/.m2/repository/org/codehaus/woodstox/stax2-api/4.2.1/stax2-api-4.2.1.jar:/home/user/.m2/repository/org/sonarsource/java/java-frontend/8.0.1.36337/java-frontend-8.0.1.36337.jar:/home/user/.m2/repository/org/sonarsource/java/jdt-package/1.1.0.34/jdt-package-1.1.0.34.jar:/home/user/.m2/repository/org/sonarsource/sslr/sslr-core/1.24.0.633/sslr-core-1.24.0.633.jar:/home/user/.m2/repository/org/apache/commons/commons-lang3/3.12.0/commons-lang3-3.12.0.jar:/home/user/.m2/repository/org/sonarsource/analyzer-commons/sonar-regex-parsing/2.11.0.2861/sonar-regex-parsing-2.11.0.2861.jar:/home/user/.m2/repository/org/sonarsource/java/java-checks/8.0.1.36337/java-checks-8.0.1.36337.jar:/home/user/.m2/repository/org/sonarsource/java/java-checks-common/8.0.1.36337/java-checks-common-8.0.1.36337.jar:/home/user/.m2/repository/org/sonarsource/analyzer-commons/sonar-analyzer-recognizers/2.11.0.2861/sonar-analyzer-recognizers-2.11.0.2861.jar:/home/user/.m2/repository/org/springframework/spring-expression/6.1.5/spring-expression-6.1.5.jar:/home/user/.m2/repository/org/springframework/spring-core/6.1.5/spring-core-6.1.5.jar:/home/user/.m2/repository/org/springframework/spring-jcl/6.1.5/spring-jcl-6.1.5.jar:/home/user/.m2/repository/org/sonarsource/java/java-checks-aws/8.0.1.36337/java-checks-aws-8.0.1.36337.jar:/home/user/.m2/repository/org/sonarsource/java/external-reports/8.0.1.36337/external-reports-8.0.1.36337.jar:/home/user/.m2/repository/org/sonarsource/java/java-jsp/8.0.1.36337/java-jsp-8.0.1.36337.jar:/home/user/.m2/repository/org/apache/tomcat/embed/tomcat-embed-jasper/9.0.84/tomcat-embed-jasper-9.0.84.jar:/home/user/.m2/repository/org/apache/tomcat/embed/tomcat-embed-core/9.0.84/tomcat-embed-core-9.0.84.jar:/home/user/.m2/repository/org/apache/tomcat/tomcat-annotations-api/9.0.84/tomcat-annotations-api-9.0.84.jar:/home/user/.m2/repository/org/apache/tomcat/embed/tomcat-embed-el/9.0.84/tomcat-embed-el-9.0.84.jar:/home/user/.m2/repository/org/sonarsource/analyzer-commons/sonar-xml-parsing/2.11.0.2861/sonar-xml-parsing-2.11.0.2861.jar:/home/user/.m2/repository/com/google/code/findbugs/jsr305/3.0.2/jsr305-3.0.2.jar:/home/user/.m2/repository/xerces/xercesImpl/2.12.2/xercesImpl-2.12.2.jar:/home/user/.m2/repository/xml-apis/xml-apis/1.4.01/xml-apis-1.4.01.jar:/home/user/.m2/repository/com/fasterxml/woodstox/woodstox-core/6.4.0/woodstox-core-6.4.0.jar:/home/user/.m2/repository/org/sonarsource/analyzer-commons/sonar-performance-measure/2.11.0.2861/sonar-performance-measure-2.11.0.2861.jar:/home/user/.m2/repository/org/sonarsource/analyzer-commons/sonar-analyzer-commons/1.24.0.965/sonar-analyzer-commons-1.24.0.965.jar:/home/user/.m2/repository/org/sonarsource/java/java-checks-testkit/8.0.1.36337/java-checks-testkit-8.0.1.36337.jar:/home/user/.m2/repository/org/sonarsource/java/test-classpath-reader/8.0.1.36337/test-classpath-reader-8.0.1.36337.jar:/home/user/.m2/repository/com/google/code/gson/gson/2.8.9/gson-2.8.9.jar:/home/user/.m2/repository/org/sonarsource/analyzer-commons/sonar-analyzer-test-commons/2.11.0.2861/sonar-analyzer-test-commons-2.11.0.2861.jar:/home/user/.m2/repository/org/sonarsource/api/plugin/sonar-plugin-api-test-fixtures/10.7.0.2191/sonar-plugin-api-test-fixtures-10.7.0.2191.jar:/home/user/.m2/repository/commons-lang/commons-lang/2.6/commons-lang-2.6.jar:/home/user/.m2/repository/ch/qos/logback/logback-classic/1.2.9/logback-classic-1.2.9.jar:/home/user/.m2/repository/ch/qos/logback/logback-core/1.2.9/logback-core-1.2.9.jar:/home/user/.m2/repository/org/junit/jupiter/junit-jupiter/5.7.0/junit-jupiter-5.7.0.jar:/home/user/.m2/repository/org/junit/jupiter/junit-jupiter-api/5.7.0/junit-jupiter-api-5.7.0.jar:/home/user/.m2/repository/org/opentest4j/opentest4j/1.2.0/opentest4j-1.2.0.jar:/home/user/.m2/repository/org/junit/platform/junit-platform-commons/1.7.0/junit-platform-commons-1.7.0.jar:/home/user/.m2/repository/org/junit/jupiter/junit-jupiter-params/5.7.0/junit-jupiter-params-5.7.0.jar:/home/user/.m2/repository/org/junit/jupiter/junit-jupiter-engine/5.7.0/junit-jupiter-engine-5.7.0.jar:/home/user/.m2/repository/org/junit/platform/junit-platform-engine/1.7.0/junit-platform-engine-1.7.0.jar:/home/user/.m2/repository/org/junit/jupiter/junit-jupiter-migrationsupport/5.7.0/junit-jupiter-migrationsupport-5.7.0.jar:/home/user/.m2/repository/junit/junit/4.13/junit-4.13.jar:/home/user/.m2/repository/org/hamcrest/hamcrest-core/1.3/hamcrest-core-1.3.jar:/home/user/.m2/repository/org/apiguardian/apiguardian-api/1.1.0/apiguardian-api-1.1.0.jar:/home/user/.m2/repository/org/assertj/assertj-core/3.23.1/assertj-core-3.23.1.jar:/home/user/.m2/repository/net/bytebuddy/byte-buddy/1.12.10/byte-buddy-1.12.10.jar:"/>
    <property name="java.vm.vendor" value="Oracle Corporation"/>
    <property name="sun.arch.data.model" value="64"/>
    <property name="java.vendor.url" value="https://java.oracle.com/"/>
    <property name="os.name" value="Linux"/>
    <property name="java.vm.specification.version" value="23"/>
    <property name="sun.java.launcher" value="SUN_STANDARD"/>
    <property name="user.country" value="US"/>
    <property name="sun.boot.library.path" value="/usr/lib/jvm/jdk-23.0.2-oracle-x64/lib"/>
    <property name="sun.java.command" value="/home/user/DEV/SonarQube_Custom_Rule/SonarQube_CustomRule/docs/java-custom-rules-example/target/surefire/surefirebooter-20250422082053550_3.jar /home/user/DEV/SonarQube_Custom_Rule/SonarQube_CustomRule/docs/java-custom-rules-example/target/surefire 2025-04-22T08-20-53_448-jvmRun1 surefire-20250422082053550_1tmp surefire_0-20250422082053550_2tmp"/>
    <property name="jdk.debug" value="release"/>
    <property name="surefire.test.class.path" value="/home/user/DEV/SonarQube_Custom_Rule/SonarQube_CustomRule/docs/java-custom-rules-example/target/test-classes:/home/user/DEV/SonarQube_Custom_Rule/SonarQube_CustomRule/docs/java-custom-rules-example/target/classes:/home/user/.m2/repository/org/sonarsource/api/plugin/sonar-plugin-api/10.7.0.2191/sonar-plugin-api-10.7.0.2191.jar:/home/user/.m2/repository/org/slf4j/slf4j-api/1.7.30/slf4j-api-1.7.30.jar:/home/user/.m2/repository/org/sonarsource/java/sonar-java-plugin/8.0.1.36337/sonar-java-plugin-8.0.1.36337.jar:/home/user/.m2/repository/org/sonarsource/java/java-surefire/8.0.1.36337/java-surefire-8.0.1.36337.jar:/home/user/.m2/repository/com/fasterxml/staxmate/staxmate/2.4.1/staxmate-2.4.1.jar:/home/user/.m2/repository/org/codehaus/woodstox/stax2-api/4.2.1/stax2-api-4.2.1.jar:/home/user/.m2/repository/org/sonarsource/java/java-frontend/8.0.1.36337/java-frontend-8.0.1.36337.jar:/home/user/.m2/repository/org/sonarsource/java/jdt-package/1.1.0.34/jdt-package-1.1.0.34.jar:/home/user/.m2/repository/org/sonarsource/sslr/sslr-core/1.24.0.633/sslr-core-1.24.0.633.jar:/home/user/.m2/repository/org/apache/commons/commons-lang3/3.12.0/commons-lang3-3.12.0.jar:/home/user/.m2/repository/org/sonarsource/analyzer-commons/sonar-regex-parsing/2.11.0.2861/sonar-regex-parsing-2.11.0.2861.jar:/home/user/.m2/repository/org/sonarsource/java/java-checks/8.0.1.36337/java-checks-8.0.1.36337.jar:/home/user/.m2/repository/org/sonarsource/java/java-checks-common/8.0.1.36337/java-checks-common-8.0.1.36337.jar:/home/user/.m2/repository/org/sonarsource/analyzer-commons/sonar-analyzer-recognizers/2.11.0.2861/sonar-analyzer-recognizers-2.11.0.2861.jar:/home/user/.m2/repository/org/springframework/spring-expression/6.1.5/spring-expression-6.1.5.jar:/home/user/.m2/repository/org/springframework/spring-core/6.1.5/spring-core-6.1.5.jar:/home/user/.m2/repository/org/springframework/spring-jcl/6.1.5/spring-jcl-6.1.5.jar:/home/user/.m2/repository/org/sonarsource/java/java-checks-aws/8.0.1.36337/java-checks-aws-8.0.1.36337.jar:/home/user/.m2/repository/org/sonarsource/java/external-reports/8.0.1.36337/external-reports-8.0.1.36337.jar:/home/user/.m2/repository/org/sonarsource/java/java-jsp/8.0.1.36337/java-jsp-8.0.1.36337.jar:/home/user/.m2/repository/org/apache/tomcat/embed/tomcat-embed-jasper/9.0.84/tomcat-embed-jasper-9.0.84.jar:/home/user/.m2/repository/org/apache/tomcat/embed/tomcat-embed-core/9.0.84/tomcat-embed-core-9.0.84.jar:/home/user/.m2/repository/org/apache/tomcat/tomcat-annotations-api/9.0.84/tomcat-annotations-api-9.0.84.jar:/home/user/.m2/repository/org/apache/tomcat/embed/tomcat-embed-el/9.0.84/tomcat-embed-el-9.0.84.jar:/home/user/.m2/repository/org/sonarsource/analyzer-commons/sonar-xml-parsing/2.11.0.2861/sonar-xml-parsing-2.11.0.2861.jar:/home/user/.m2/repository/com/google/code/findbugs/jsr305/3.0.2/jsr305-3.0.2.jar:/home/user/.m2/repository/xerces/xercesImpl/2.12.2/xercesImpl-2.12.2.jar:/home/user/.m2/repository/xml-apis/xml-apis/1.4.01/xml-apis-1.4.01.jar:/home/user/.m2/repository/com/fasterxml/woodstox/woodstox-core/6.4.0/woodstox-core-6.4.0.jar:/home/user/.m2/repository/org/sonarsource/analyzer-commons/sonar-performance-measure/2.11.0.2861/sonar-performance-measure-2.11.0.2861.jar:/home/user/.m2/repository/org/sonarsource/analyzer-commons/sonar-analyzer-commons/1.24.0.965/sonar-analyzer-commons-1.24.0.965.jar:/home/user/.m2/repository/org/sonarsource/java/java-checks-testkit/8.0.1.36337/java-checks-testkit-8.0.1.36337.jar:/home/user/.m2/repository/org/sonarsource/java/test-classpath-reader/8.0.1.36337/test-classpath-reader-8.0.1.36337.jar:/home/user/.m2/repository/com/google/code/gson/gson/2.8.9/gson-2.8.9.jar:/home/user/.m2/repository/org/sonarsource/analyzer-commons/sonar-analyzer-test-commons/2.11.0.2861/sonar-analyzer-test-commons-2.11.0.2861.jar:/home/user/.m2/repository/org/sonarsource/api/plugin/sonar-plugin-api-test-fixtures/10.7.0.2191/sonar-plugin-api-test-fixtures-10.7.0.2191.jar:/home/user/.m2/repository/commons-lang/commons-lang/2.6/commons-lang-2.6.jar:/home/user/.m2/repository/ch/qos/logback/logback-classic/1.2.9/logback-classic-1.2.9.jar:/home/user/.m2/repository/ch/qos/logback/logback-core/1.2.9/logback-core-1.2.9.jar:/home/user/.m2/repository/org/junit/jupiter/junit-jupiter/5.7.0/junit-jupiter-5.7.0.jar:/home/user/.m2/repository/org/junit/jupiter/junit-jupiter-api/5.7.0/junit-jupiter-api-5.7.0.jar:/home/user/.m2/repository/org/opentest4j/opentest4j/1.2.0/opentest4j-1.2.0.jar:/home/user/.m2/repository/org/junit/platform/junit-platform-commons/1.7.0/junit-platform-commons-1.7.0.jar:/home/user/.m2/repository/org/junit/jupiter/junit-jupiter-params/5.7.0/junit-jupiter-params-5.7.0.jar:/home/user/.m2/repository/org/junit/jupiter/junit-jupiter-engine/5.7.0/junit-jupiter-engine-5.7.0.jar:/home/user/.m2/repository/org/junit/platform/junit-platform-engine/1.7.0/junit-platform-engine-1.7.0.jar:/home/user/.m2/repository/org/junit/jupiter/junit-jupiter-migrationsupport/5.7.0/junit-jupiter-migrationsupport-5.7.0.jar:/home/user/.m2/repository/junit/junit/4.13/junit-4.13.jar:/home/user/.m2/repository/org/hamcrest/hamcrest-core/1.3/hamcrest-core-1.3.jar:/home/user/.m2/repository/org/apiguardian/apiguardian-api/1.1.0/apiguardian-api-1.1.0.jar:/home/user/.m2/repository/org/assertj/assertj-core/3.23.1/assertj-core-3.23.1.jar:/home/user/.m2/repository/net/bytebuddy/byte-buddy/1.12.10/byte-buddy-1.12.10.jar:"/>
    <property name="sun.cpu.endian" value="little"/>
    <property name="user.home" value="/home/user"/>
    <property name="user.language" value="en"/>
    <property name="java.specification.vendor" value="Oracle Corporation"/>
    <property name="java.version.date" value="2025-01-21"/>
    <property name="java.home" value="/usr/lib/jvm/jdk-23.0.2-oracle-x64"/>
    <property name="file.separator" value="/"/>
    <property name="basedir" value="/home/user/DEV/SonarQube_Custom_Rule/SonarQube_CustomRule/docs/java-custom-rules-example"/>
    <property name="java.vm.compressedOopsMode" value="Zero based"/>
    <property name="line.separator" value="&#10;"/>
    <property name="java.specification.name" value="Java Platform API Specification"/>
    <property name="java.vm.specification.vendor" value="Oracle Corporation"/>
    <property name="surefire.real.class.path" value="/home/user/DEV/SonarQube_Custom_Rule/SonarQube_CustomRule/docs/java-custom-rules-example/target/surefire/surefirebooter-20250422082053550_3.jar"/>
    <property name="sun.management.compiler" value="HotSpot 64-Bit Tiered Compilers"/>
    <property name="java.runtime.version" value="23.0.2+7-58"/>
    <property name="user.name" value="user"/>
    <property name="stdout.encoding" value="UTF-8"/>
    <property name="path.separator" value=":"/>
    <property name="os.version" value="6.11.0-21-generic"/>
    <property name="java.runtime.name" value="Java(TM) SE Runtime Environment"/>
    <property name="file.encoding" value="UTF-8"/>
    <property name="java.vm.name" value="Java HotSpot(TM) 64-Bit Server VM"/>
    <property name="localRepository" value="/home/user/.m2/repository"/>
    <property name="java.vendor.url.bug" value="https://bugreport.java.com/bugreport/"/>
    <property name="java.io.tmpdir" value="/tmp"/>
    <property name="java.version" value="23.0.2"/>
    <property name="user.dir" value="/home/user/DEV/SonarQube_Custom_Rule/SonarQube_CustomRule/docs/java-custom-rules-example"/>
    <property name="os.arch" value="amd64"/>
    <property name="java.vm.specification.name" value="Java Virtual Machine Specification"/>
    <property name="native.encoding" value="UTF-8"/>
    <property name="java.library.path" value="/usr/java/packages/lib:/usr/lib64:/lib64:/lib:/usr/lib"/>
    <property name="java.vm.info" value="mixed mode, sharing"/>
    <property name="stderr.encoding" value="UTF-8"/>
    <property name="java.vendor" value="Oracle Corporation"/>
    <property name="java.vm.version" value="23.0.2+7-58"/>
    <property name="sun.io.unicode.encoding" value="UnicodeLittle"/>
    <property name="java.class.version" value="67.0"/>
  </properties>
  <testcase name="spaces" classname="org.sonar.samples.java.utils.StringUtilsTest" time="0.164"/>
  <testcase name="isNotEmpty" classname="org.sonar.samples.java.utils.StringUtilsTest" time="0.001"/>
</testsuite>